#
# A fatal error has been detected by the Java Runtime Environment:
#
#  Internal Error (upcallLinker.cpp:146), pid=92784, tid=105196
#  Error: ShouldNotReachHere()
#
# JRE version: Java(TM) SE Runtime Environment (22.0.2+9) (build 22.0.2+9-70)
# Java VM: Java HotSpot(TM) 64-Bit Server VM (22.0.2+9-70, mixed mode, sharing, tiered, compressed oops, compressed class ptrs, g1 gc, windows-amd64)
# No core dump will be written. Minidumps are not enabled by default on client versions of Windows
#
# If you would like to submit a bug report, please visit:
#   https://bugreport.java.com/bugreport/crash.jsp
#

---------------  S U M M A R Y ------------

Command Line: -javaagent:C:\Program Files\JetBrains\IntelliJ IDEA 2025.1.3\lib\idea_rt.jar=51136 -Dfile.encoding=UTF-8 -Dsun.stdout.encoding=UTF-8 -Dsun.stderr.encoding=UTF-8 ru.itis.dis403.sw2_game.client.Main

Host: 13th Gen Intel(R) Core(TM) i9-13900H, 20 cores, 15G,  Windows 11 , 64 bit Build 26100 (10.0.26100.7309)
Time: Mon Dec 29 15:00:22 2025 RTZ 2 (s 11 , 64 bit Build 26100 (10.0.26100.7309) elapsed time: 50.617023 seconds (0d 0h 0m 50s)

---------------  T H R E A D  ---------------

Current thread (0x0000028ca564b880):  JavaThread "AWT-EventQueue-0"        [_thread_in_Java, id=105196, stack(0x000000abf5b00000,0x000000abf5c00000) (1024K)]

Stack: [0x000000abf5b00000,0x000000abf5c00000]
Native frames: (J=compiled Java code, j=interpreted, Vv=VM code, C=native code)
V  [jvm.dll+0x6e26e9]  (no source info available)
V  [jvm.dll+0x875753]  (no source info available)
V  [jvm.dll+0x877b7e]  (no source info available)
V  [jvm.dll+0x878207]  (no source info available)
V  [jvm.dll+0x27fc07]  (no source info available)
V  [jvm.dll+0x27fc2c]  (no source info available)
V  [jvm.dll+0x27fb80]  (no source info available)
V  [jvm.dll+0x8450ff]  (no source info available)
C  0x0000028c94bd5073  (no source info available)

The last pc belongs to upcall stub exception handler (printed below).
StubRoutines::upcall stub exception handler [0x0000028c94bd5059, 0x0000028c94bd508e] (53 bytes)
[MachCode]
  0x0000028c94bd5059: c5f8 7748 | 8bc8 4883 | e4f0 4883 | ec20 48b8 | c050 1caa | fe7f 0000 | ffd0 48b9 | c028 34aa 
  0x0000028c94bd5079: fe7f 0000 | 4883 e4f0 | 48b8 3099 | fba9 fe7f | 0000 ffd0 | 
[/MachCode]

---------------  P R O C E S S  ---------------

Threads class SMR info:
_java_thread_list=0x0000028cef9448d0, length=22, elements={
0x0000028ca5481180, 0x0000028ca5483bf0, 0x0000028ca5487930, 0x0000028ca5489b70,
0x0000028ca548a5d0, 0x0000028ca548d7e0, 0x0000028ca5490d60, 0x0000028ca54a3a40,
0x0000028ca56497b0, 0x0000028ca564ab60, 0x0000028ca5649e40, 0x0000028ca5649120,
0x0000028ca564a4d0, 0x0000028ca564b1f0, 0x0000028ca564b880, 0x0000028ca5648400,
0x0000028ca5648a90, 0x0000028ceb291040, 0x0000028ceb292a80, 0x0000028ceb291d60,
0x0000028ceb293110, 0x0000028ceb293e30
}

Java Threads: ( => current thread )
  0x0000028ca5481180 JavaThread "Reference Handler"          daemon [_thread_blocked, id=100384, stack(0x000000abf4b00000,0x000000abf4c00000) (1024K)]
  0x0000028ca5483bf0 JavaThread "Finalizer"                  daemon [_thread_blocked, id=103764, stack(0x000000abf4c00000,0x000000abf4d00000) (1024K)]
  0x0000028ca5487930 JavaThread "Signal Dispatcher"          daemon [_thread_blocked, id=15332, stack(0x000000abf4d00000,0x000000abf4e00000) (1024K)]
  0x0000028ca5489b70 JavaThread "Attach Listener"            daemon [_thread_blocked, id=90580, stack(0x000000abf4e00000,0x000000abf4f00000) (1024K)]
  0x0000028ca548a5d0 JavaThread "Service Thread"             daemon [_thread_blocked, id=80452, stack(0x000000abf4f00000,0x000000abf5000000) (1024K)]
  0x0000028ca548d7e0 JavaThread "Monitor Deflation Thread"   daemon [_thread_blocked, id=99592, stack(0x000000abf5000000,0x000000abf5100000) (1024K)]
  0x0000028ca5490d60 JavaThread "C2 CompilerThread0"         daemon [_thread_blocked, id=101416, stack(0x000000abf5100000,0x000000abf5200000) (1024K)]
  0x0000028ca54a3a40 JavaThread "C1 CompilerThread0"         daemon [_thread_blocked, id=101172, stack(0x000000abf5200000,0x000000abf5300000) (1024K)]
  0x0000028ca56497b0 JavaThread "Common-Cleaner"             daemon [_thread_blocked, id=100152, stack(0x000000abf5300000,0x000000abf5400000) (1024K)]
  0x0000028ca564ab60 JavaThread "Monitor Ctrl-Break"         daemon [_thread_in_native, id=81584, stack(0x000000abf5700000,0x000000abf5800000) (1024K)]
  0x0000028ca5649e40 JavaThread "Notification Thread"        daemon [_thread_blocked, id=106148, stack(0x000000abf5800000,0x000000abf5900000) (1024K)]
  0x0000028ca5649120 JavaThread "Java2D Disposer"            daemon [_thread_blocked, id=257464, stack(0x000000abf5600000,0x000000abf5700000) (1024K)]
  0x0000028ca564a4d0 JavaThread "AWT-Shutdown"                      [_thread_blocked, id=83556, stack(0x000000abf5900000,0x000000abf5a00000) (1024K)]
  0x0000028ca564b1f0 JavaThread "AWT-Windows"                daemon [_thread_in_native, id=100220, stack(0x000000abf5a00000,0x000000abf5b00000) (1024K)]
=>0x0000028ca564b880 JavaThread "AWT-EventQueue-0"                  [_thread_in_Java, id=105196, stack(0x000000abf5b00000,0x000000abf5c00000) (1024K)]
  0x0000028ca5648400 JavaThread "DestroyJavaVM"                     [_thread_blocked, id=101700, stack(0x000000abf4300000,0x000000abf4400000) (1024K)]
  0x0000028ca5648a90 JavaThread "TimerQueue"                 daemon [_thread_blocked, id=93344, stack(0x000000abf5c00000,0x000000abf5d00000) (1024K)]
  0x0000028ceb291040 JavaThread "RMI TCP Accept-0"           daemon [_thread_in_native, id=102348, stack(0x000000abf6600000,0x000000abf6700000) (1024K)]
  0x0000028ceb292a80 JavaThread "RMI TCP Connection(1)-10.17.48.30" daemon [_thread_in_native, id=47728, stack(0x000000abf6700000,0x000000abf6800000) (1024K)]
  0x0000028ceb291d60 JavaThread "RMI Scheduler(0)"           daemon [_thread_blocked, id=101068, stack(0x000000abf6800000,0x000000abf6900000) (1024K)]
  0x0000028ceb293110 JavaThread "JMX server connection timeout 43" daemon [_thread_blocked, id=91452, stack(0x000000abf6900000,0x000000abf6a00000) (1024K)]
  0x0000028ceb293e30 JavaThread "Timer-1"                           [_thread_in_Java, id=256224, stack(0x000000abf7000000,0x000000abf7100000) (1024K)]
Total: 22

Other Threads:
  0x0000028ca47809f0 VMThread "VM Thread"                           [id=103636, stack(0x000000abf4a00000,0x000000abf4b00000) (1024K)]
  0x0000028ca47698c0 WatcherThread "VM Periodic Task Thread"        [id=93460, stack(0x000000abf4900000,0x000000abf4a00000) (1024K)]
  0x0000028c8548ccc0 WorkerThread "GC Thread#0"                     [id=99980, stack(0x000000abf4400000,0x000000abf4500000) (1024K)]
  0x0000028ceb7cf7b0 WorkerThread "GC Thread#1"                     [id=99356, stack(0x000000abf5500000,0x000000abf5600000) (1024K)]
  0x0000028ceb7cfb60 WorkerThread "GC Thread#2"                     [id=95728, stack(0x000000abf6000000,0x000000abf6100000) (1024K)]
  0x0000028ceb7d0320 WorkerThread "GC Thread#3"                     [id=104636, stack(0x000000abf6100000,0x000000abf6200000) (1024K)]
  0x0000028ceb382f00 WorkerThread "GC Thread#4"                     [id=105796, stack(0x000000abf6200000,0x000000abf6300000) (1024K)]
  0x0000028ceb383660 WorkerThread "GC Thread#5"                     [id=105608, stack(0x000000abf6300000,0x000000abf6400000) (1024K)]
  0x0000028ceb383a10 WorkerThread "GC Thread#6"                     [id=106492, stack(0x000000abf6400000,0x000000abf6500000) (1024K)]
  0x0000028ceb383dc0 WorkerThread "GC Thread#7"                     [id=94424, stack(0x000000abf6500000,0x000000abf6600000) (1024K)]
  0x0000028ceb3823f0 WorkerThread "GC Thread#8"                     [id=101624, stack(0x000000abf6a00000,0x000000abf6b00000) (1024K)]
  0x0000028ceb3827a0 WorkerThread "GC Thread#9"                     [id=100196, stack(0x000000abf6b00000,0x000000abf6c00000) (1024K)]
  0x0000028ceb382b50 WorkerThread "GC Thread#10"                    [id=95992, stack(0x000000abf6c00000,0x000000abf6d00000) (1024K)]
  0x0000028ceb3832b0 WorkerThread "GC Thread#11"                    [id=99316, stack(0x000000abf6d00000,0x000000abf6e00000) (1024K)]
  0x0000028ceb4acf10 WorkerThread "GC Thread#12"                    [id=106004, stack(0x000000abf6e00000,0x000000abf6f00000) (1024K)]
  0x0000028ceb4abca0 WorkerThread "GC Thread#13"                    [id=109544, stack(0x000000abf7300000,0x000000abf7400000) (1024K)]
  0x0000028ceb4addd0 WorkerThread "GC Thread#14"                    [id=108960, stack(0x000000abf7400000,0x000000abf7500000) (1024K)]
  0x0000028c8549f5f0 ConcurrentGCThread "G1 Main Marker"            [id=103688, stack(0x000000abf4500000,0x000000abf4600000) (1024K)]
  0x0000028c854a08a0 WorkerThread "G1 Conc#0"                       [id=101944, stack(0x000000abf4600000,0x000000abf4700000) (1024K)]
  0x0000028ca463b480 ConcurrentGCThread "G1 Refine#0"               [id=29832, stack(0x000000abf4700000,0x000000abf4800000) (1024K)]
  0x0000028ca463e1b0 ConcurrentGCThread "G1 Service"                [id=102232, stack(0x000000abf4800000,0x000000abf4900000) (1024K)]
Total: 21

Threads with active compile tasks:
Total: 0

VM state: not at safepoint (normal execution)

VM Mutex/Monitor currently owned by a thread: None

OutOfMemory and StackOverflow Exception counts:
StackOverflowErrors=1
LinkageErrors=143

Heap address: 0x0000000705e00000, size: 4002 MB, Compressed Oops mode: Zero based, Oop shift amount: 3

CDS archive(s) mapped at: [0x0000028ca6000000-0x0000028ca6c60000-0x0000028ca6c60000), size 12976128, SharedBaseAddress: 0x0000028ca6000000, ArchiveRelocationMode: 1.
Compressed class space mapped at: 0x0000028ca7000000-0x0000028ce7000000, reserved size: 1073741824
Narrow klass base: 0x0000028ca6000000, Narrow klass shift: 0, Narrow klass range: 0x41000000

GC Precious Log:
 CardTable entry size: 512
 Card Set container configuration: InlinePtr #cards 4 size 8 Array Of Cards #cards 16 size 48 Howl #buckets 8 coarsen threshold 3686 Howl Bitmap #cards 512 size 80 coarsen threshold 460 Card regions per heap region 1 cards per card region 4096
 CPUs: 20 total, 20 available
 Memory: 16005M
 Large Page Support: Disabled
 NUMA Support: Disabled
 Compressed Oops: Enabled (Zero based)
 Heap Region Size: 2M
 Heap Min Capacity: 8M
 Heap Initial Capacity: 252M
 Heap Max Capacity: 4002M
 Pre-touch: Disabled
 Parallel Workers: 15
 Concurrent Workers: 4
 Concurrent Refinement Workers: 15
 Periodic GC: Disabled

Heap:
 garbage-first heap   total reserved 4098048K, committed 258048K, used 49102K [0x0000000705e00000, 0x0000000800000000)
  region size 2048K, 19 young (38912K), 2 survivors (4096K)
 Metaspace       used 19934K, committed 20672K, reserved 1114112K
  class space    used 2252K, committed 2560K, reserved 1048576K

Heap Regions: E=young(eden), S=young(survivor), O=old, HS=humongous(starts), HC=humongous(continues), CS=collection set, F=free, TAMS=top-at-mark-start, PB=parsable bottom
|   0|0x0000000705e00000, 0x0000000706000000, 0x0000000706000000|100%|HS|  |TAMS 0x0000000705e00000| PB 0x0000000705e00000| Complete |  0
|   1|0x0000000706000000, 0x0000000706200000, 0x0000000706200000|100%|HC|  |TAMS 0x0000000706000000| PB 0x0000000706000000| Complete |  0
|   2|0x0000000706200000, 0x0000000706400000, 0x0000000706400000|100%|HC|  |TAMS 0x0000000706200000| PB 0x0000000706200000| Complete |  0
|   3|0x0000000706400000, 0x0000000706600000, 0x0000000706600000|100%|HC|  |TAMS 0x0000000706400000| PB 0x0000000706400000| Complete |  0
|   4|0x0000000706600000, 0x0000000706800000, 0x0000000706800000|100%| O|  |TAMS 0x0000000706600000| PB 0x0000000706600000| Untracked |  0
|   5|0x0000000706800000, 0x00000007069f3ad8, 0x0000000706a00000| 97%| O|  |TAMS 0x0000000706800000| PB 0x0000000706800000| Untracked |  0
|   6|0x0000000706a00000, 0x0000000706a00000, 0x0000000706c00000|  0%| F|  |TAMS 0x0000000706a00000| PB 0x0000000706a00000| Untracked |  0
|   7|0x0000000706c00000, 0x0000000706c00000, 0x0000000706e00000|  0%| F|  |TAMS 0x0000000706c00000| PB 0x0000000706c00000| Untracked |  0
|   8|0x0000000706e00000, 0x0000000706e00000, 0x0000000707000000|  0%| F|  |TAMS 0x0000000706e00000| PB 0x0000000706e00000| Untracked |  0
|   9|0x0000000707000000, 0x0000000707000000, 0x0000000707200000|  0%| F|  |TAMS 0x0000000707000000| PB 0x0000000707000000| Untracked |  0
|  10|0x0000000707200000, 0x0000000707200000, 0x0000000707400000|  0%| F|  |TAMS 0x0000000707200000| PB 0x0000000707200000| Untracked |  0
|  11|0x0000000707400000, 0x0000000707400000, 0x0000000707600000|  0%| F|  |TAMS 0x0000000707400000| PB 0x0000000707400000| Untracked |  0
|  12|0x0000000707600000, 0x0000000707600000, 0x0000000707800000|  0%| F|  |TAMS 0x0000000707600000| PB 0x0000000707600000| Untracked |  0
|  13|0x0000000707800000, 0x0000000707800000, 0x0000000707a00000|  0%| F|  |TAMS 0x0000000707800000| PB 0x0000000707800000| Untracked |  0
|  14|0x0000000707a00000, 0x0000000707a00000, 0x0000000707c00000|  0%| F|  |TAMS 0x0000000707a00000| PB 0x0000000707a00000| Untracked |  0
|  15|0x0000000707c00000, 0x0000000707c00000, 0x0000000707e00000|  0%| F|  |TAMS 0x0000000707c00000| PB 0x0000000707c00000| Untracked |  0
|  16|0x0000000707e00000, 0x0000000707e00000, 0x0000000708000000|  0%| F|  |TAMS 0x0000000707e00000| PB 0x0000000707e00000| Untracked |  0
|  17|0x0000000708000000, 0x0000000708000000, 0x0000000708200000|  0%| F|  |TAMS 0x0000000708000000| PB 0x0000000708000000| Untracked |  0
|  18|0x0000000708200000, 0x0000000708200000, 0x0000000708400000|  0%| F|  |TAMS 0x0000000708200000| PB 0x0000000708200000| Untracked |  0
|  19|0x0000000708400000, 0x0000000708400000, 0x0000000708600000|  0%| F|  |TAMS 0x0000000708400000| PB 0x0000000708400000| Untracked |  0
|  20|0x0000000708600000, 0x0000000708600000, 0x0000000708800000|  0%| F|  |TAMS 0x0000000708600000| PB 0x0000000708600000| Untracked |  0
|  21|0x0000000708800000, 0x0000000708800000, 0x0000000708a00000|  0%| F|  |TAMS 0x0000000708800000| PB 0x0000000708800000| Untracked |  0
|  22|0x0000000708a00000, 0x0000000708a00000, 0x0000000708c00000|  0%| F|  |TAMS 0x0000000708a00000| PB 0x0000000708a00000| Untracked |  0
|  23|0x0000000708c00000, 0x0000000708c00000, 0x0000000708e00000|  0%| F|  |TAMS 0x0000000708c00000| PB 0x0000000708c00000| Untracked |  0
|  24|0x0000000708e00000, 0x0000000708e00000, 0x0000000709000000|  0%| F|  |TAMS 0x0000000708e00000| PB 0x0000000708e00000| Untracked |  0
|  25|0x0000000709000000, 0x0000000709000000, 0x0000000709200000|  0%| F|  |TAMS 0x0000000709000000| PB 0x0000000709000000| Untracked |  0
|  26|0x0000000709200000, 0x0000000709200000, 0x0000000709400000|  0%| F|  |TAMS 0x0000000709200000| PB 0x0000000709200000| Untracked |  0
|  27|0x0000000709400000, 0x0000000709400000, 0x0000000709600000|  0%| F|  |TAMS 0x0000000709400000| PB 0x0000000709400000| Untracked |  0
|  28|0x0000000709600000, 0x0000000709600000, 0x0000000709800000|  0%| F|  |TAMS 0x0000000709600000| PB 0x0000000709600000| Untracked |  0
|  29|0x0000000709800000, 0x0000000709800000, 0x0000000709a00000|  0%| F|  |TAMS 0x0000000709800000| PB 0x0000000709800000| Untracked |  0
|  30|0x0000000709a00000, 0x0000000709a00000, 0x0000000709c00000|  0%| F|  |TAMS 0x0000000709a00000| PB 0x0000000709a00000| Untracked |  0
|  31|0x0000000709c00000, 0x0000000709c00000, 0x0000000709e00000|  0%| F|  |TAMS 0x0000000709c00000| PB 0x0000000709c00000| Untracked |  0
|  32|0x0000000709e00000, 0x0000000709e00000, 0x000000070a000000|  0%| F|  |TAMS 0x0000000709e00000| PB 0x0000000709e00000| Untracked |  0
|  33|0x000000070a000000, 0x000000070a000000, 0x000000070a200000|  0%| F|  |TAMS 0x000000070a000000| PB 0x000000070a000000| Untracked |  0
|  34|0x000000070a200000, 0x000000070a200000, 0x000000070a400000|  0%| F|  |TAMS 0x000000070a200000| PB 0x000000070a200000| Untracked |  0
|  35|0x000000070a400000, 0x000000070a400000, 0x000000070a600000|  0%| F|  |TAMS 0x000000070a400000| PB 0x000000070a400000| Untracked |  0
|  36|0x000000070a600000, 0x000000070a600000, 0x000000070a800000|  0%| F|  |TAMS 0x000000070a600000| PB 0x000000070a600000| Untracked |  0
|  37|0x000000070a800000, 0x000000070a800000, 0x000000070aa00000|  0%| F|  |TAMS 0x000000070a800000| PB 0x000000070a800000| Untracked |  0
|  38|0x000000070aa00000, 0x000000070aa00000, 0x000000070ac00000|  0%| F|  |TAMS 0x000000070aa00000| PB 0x000000070aa00000| Untracked |  0
|  39|0x000000070ac00000, 0x000000070ac00000, 0x000000070ae00000|  0%| F|  |TAMS 0x000000070ac00000| PB 0x000000070ac00000| Untracked |  0
|  40|0x000000070ae00000, 0x000000070ae00000, 0x000000070b000000|  0%| F|  |TAMS 0x000000070ae00000| PB 0x000000070ae00000| Untracked |  0
|  41|0x000000070b000000, 0x000000070b000000, 0x000000070b200000|  0%| F|  |TAMS 0x000000070b000000| PB 0x000000070b000000| Untracked |  0
|  42|0x000000070b200000, 0x000000070b200000, 0x000000070b400000|  0%| F|  |TAMS 0x000000070b200000| PB 0x000000070b200000| Untracked |  0
|  43|0x000000070b400000, 0x000000070b400000, 0x000000070b600000|  0%| F|  |TAMS 0x000000070b400000| PB 0x000000070b400000| Untracked |  0
|  44|0x000000070b600000, 0x000000070b600000, 0x000000070b800000|  0%| F|  |TAMS 0x000000070b600000| PB 0x000000070b600000| Untracked |  0
|  45|0x000000070b800000, 0x000000070b800000, 0x000000070ba00000|  0%| F|  |TAMS 0x000000070b800000| PB 0x000000070b800000| Untracked |  0
|  46|0x000000070ba00000, 0x000000070ba00000, 0x000000070bc00000|  0%| F|  |TAMS 0x000000070ba00000| PB 0x000000070ba00000| Untracked |  0
|  47|0x000000070bc00000, 0x000000070bc00000, 0x000000070be00000|  0%| F|  |TAMS 0x000000070bc00000| PB 0x000000070bc00000| Untracked |  0
|  48|0x000000070be00000, 0x000000070be00000, 0x000000070c000000|  0%| F|  |TAMS 0x000000070be00000| PB 0x000000070be00000| Untracked |  0
|  49|0x000000070c000000, 0x000000070c000000, 0x000000070c200000|  0%| F|  |TAMS 0x000000070c000000| PB 0x000000070c000000| Untracked |  0
|  50|0x000000070c200000, 0x000000070c200000, 0x000000070c400000|  0%| F|  |TAMS 0x000000070c200000| PB 0x000000070c200000| Untracked |  0
|  51|0x000000070c400000, 0x000000070c400000, 0x000000070c600000|  0%| F|  |TAMS 0x000000070c400000| PB 0x000000070c400000| Untracked |  0
|  52|0x000000070c600000, 0x000000070c600000, 0x000000070c800000|  0%| F|  |TAMS 0x000000070c600000| PB 0x000000070c600000| Untracked |  0
|  53|0x000000070c800000, 0x000000070c800000, 0x000000070ca00000|  0%| F|  |TAMS 0x000000070c800000| PB 0x000000070c800000| Untracked |  0
|  54|0x000000070ca00000, 0x000000070ca00000, 0x000000070cc00000|  0%| F|  |TAMS 0x000000070ca00000| PB 0x000000070ca00000| Untracked |  0
|  55|0x000000070cc00000, 0x000000070cc00000, 0x000000070ce00000|  0%| F|  |TAMS 0x000000070cc00000| PB 0x000000070cc00000| Untracked |  0
|  56|0x000000070ce00000, 0x000000070ce00000, 0x000000070d000000|  0%| F|  |TAMS 0x000000070ce00000| PB 0x000000070ce00000| Untracked |  0
|  57|0x000000070d000000, 0x000000070d000000, 0x000000070d200000|  0%| F|  |TAMS 0x000000070d000000| PB 0x000000070d000000| Untracked |  0
|  58|0x000000070d200000, 0x000000070d200000, 0x000000070d400000|  0%| F|  |TAMS 0x000000070d200000| PB 0x000000070d200000| Untracked |  0
|  59|0x000000070d400000, 0x000000070d400000, 0x000000070d600000|  0%| F|  |TAMS 0x000000070d400000| PB 0x000000070d400000| Untracked |  0
|  60|0x000000070d600000, 0x000000070d600000, 0x000000070d800000|  0%| F|  |TAMS 0x000000070d600000| PB 0x000000070d600000| Untracked |  0
|  61|0x000000070d800000, 0x000000070d800000, 0x000000070da00000|  0%| F|  |TAMS 0x000000070d800000| PB 0x000000070d800000| Untracked |  0
|  62|0x000000070da00000, 0x000000070da00000, 0x000000070dc00000|  0%| F|  |TAMS 0x000000070da00000| PB 0x000000070da00000| Untracked |  0
|  63|0x000000070dc00000, 0x000000070dc00000, 0x000000070de00000|  0%| F|  |TAMS 0x000000070dc00000| PB 0x000000070dc00000| Untracked |  0
|  64|0x000000070de00000, 0x000000070de00000, 0x000000070e000000|  0%| F|  |TAMS 0x000000070de00000| PB 0x000000070de00000| Untracked |  0
|  65|0x000000070e000000, 0x000000070e000000, 0x000000070e200000|  0%| F|  |TAMS 0x000000070e000000| PB 0x000000070e000000| Untracked |  0
|  66|0x000000070e200000, 0x000000070e200000, 0x000000070e400000|  0%| F|  |TAMS 0x000000070e200000| PB 0x000000070e200000| Untracked |  0
|  67|0x000000070e400000, 0x000000070e400000, 0x000000070e600000|  0%| F|  |TAMS 0x000000070e400000| PB 0x000000070e400000| Untracked |  0
|  68|0x000000070e600000, 0x000000070e600000, 0x000000070e800000|  0%| F|  |TAMS 0x000000070e600000| PB 0x000000070e600000| Untracked |  0
|  69|0x000000070e800000, 0x000000070e800000, 0x000000070ea00000|  0%| F|  |TAMS 0x000000070e800000| PB 0x000000070e800000| Untracked |  0
|  70|0x000000070ea00000, 0x000000070ea00000, 0x000000070ec00000|  0%| F|  |TAMS 0x000000070ea00000| PB 0x000000070ea00000| Untracked |  0
|  71|0x000000070ec00000, 0x000000070ec00000, 0x000000070ee00000|  0%| F|  |TAMS 0x000000070ec00000| PB 0x000000070ec00000| Untracked |  0
|  72|0x000000070ee00000, 0x000000070ee00000, 0x000000070f000000|  0%| F|  |TAMS 0x000000070ee00000| PB 0x000000070ee00000| Untracked |  0
|  73|0x000000070f000000, 0x000000070f000000, 0x000000070f200000|  0%| F|  |TAMS 0x000000070f000000| PB 0x000000070f000000| Untracked |  0
|  74|0x000000070f200000, 0x000000070f200000, 0x000000070f400000|  0%| F|  |TAMS 0x000000070f200000| PB 0x000000070f200000| Untracked |  0
|  75|0x000000070f400000, 0x000000070f400000, 0x000000070f600000|  0%| F|  |TAMS 0x000000070f400000| PB 0x000000070f400000| Untracked |  0
|  76|0x000000070f600000, 0x000000070f600000, 0x000000070f800000|  0%| F|  |TAMS 0x000000070f600000| PB 0x000000070f600000| Untracked |  0
|  77|0x000000070f800000, 0x000000070f800000, 0x000000070fa00000|  0%| F|  |TAMS 0x000000070f800000| PB 0x000000070f800000| Untracked |  0
|  78|0x000000070fa00000, 0x000000070fa00000, 0x000000070fc00000|  0%| F|  |TAMS 0x000000070fa00000| PB 0x000000070fa00000| Untracked |  0
|  79|0x000000070fc00000, 0x000000070fc00000, 0x000000070fe00000|  0%| F|  |TAMS 0x000000070fc00000| PB 0x000000070fc00000| Untracked |  0
|  80|0x000000070fe00000, 0x000000070fe00000, 0x0000000710000000|  0%| F|  |TAMS 0x000000070fe00000| PB 0x000000070fe00000| Untracked |  0
|  81|0x0000000710000000, 0x0000000710000000, 0x0000000710200000|  0%| F|  |TAMS 0x0000000710000000| PB 0x0000000710000000| Untracked |  0
|  82|0x0000000710200000, 0x0000000710200000, 0x0000000710400000|  0%| F|  |TAMS 0x0000000710200000| PB 0x0000000710200000| Untracked |  0
|  83|0x0000000710400000, 0x0000000710400000, 0x0000000710600000|  0%| F|  |TAMS 0x0000000710400000| PB 0x0000000710400000| Untracked |  0
|  84|0x0000000710600000, 0x0000000710600000, 0x0000000710800000|  0%| F|  |TAMS 0x0000000710600000| PB 0x0000000710600000| Untracked |  0
|  85|0x0000000710800000, 0x0000000710800000, 0x0000000710a00000|  0%| F|  |TAMS 0x0000000710800000| PB 0x0000000710800000| Untracked |  0
|  86|0x0000000710a00000, 0x0000000710a00000, 0x0000000710c00000|  0%| F|  |TAMS 0x0000000710a00000| PB 0x0000000710a00000| Untracked |  0
|  87|0x0000000710c00000, 0x0000000710c00000, 0x0000000710e00000|  0%| F|  |TAMS 0x0000000710c00000| PB 0x0000000710c00000| Untracked |  0
|  88|0x0000000710e00000, 0x0000000710e00000, 0x0000000711000000|  0%| F|  |TAMS 0x0000000710e00000| PB 0x0000000710e00000| Untracked |  0
|  89|0x0000000711000000, 0x0000000711000000, 0x0000000711200000|  0%| F|  |TAMS 0x0000000711000000| PB 0x0000000711000000| Untracked |  0
|  90|0x0000000711200000, 0x0000000711200000, 0x0000000711400000|  0%| F|  |TAMS 0x0000000711200000| PB 0x0000000711200000| Untracked |  0
|  91|0x0000000711400000, 0x0000000711400000, 0x0000000711600000|  0%| F|  |TAMS 0x0000000711400000| PB 0x0000000711400000| Untracked |  0
|  92|0x0000000711600000, 0x0000000711600000, 0x0000000711800000|  0%| F|  |TAMS 0x0000000711600000| PB 0x0000000711600000| Untracked |  0
|  93|0x0000000711800000, 0x0000000711800000, 0x0000000711a00000|  0%| F|  |TAMS 0x0000000711800000| PB 0x0000000711800000| Untracked |  0
|  94|0x0000000711a00000, 0x0000000711a00000, 0x0000000711c00000|  0%| F|  |TAMS 0x0000000711a00000| PB 0x0000000711a00000| Untracked |  0
|  95|0x0000000711c00000, 0x0000000711c00000, 0x0000000711e00000|  0%| F|  |TAMS 0x0000000711c00000| PB 0x0000000711c00000| Untracked |  0
|  96|0x0000000711e00000, 0x0000000711e00000, 0x0000000712000000|  0%| F|  |TAMS 0x0000000711e00000| PB 0x0000000711e00000| Untracked |  0
|  97|0x0000000712000000, 0x0000000712000000, 0x0000000712200000|  0%| F|  |TAMS 0x0000000712000000| PB 0x0000000712000000| Untracked |  0
|  98|0x0000000712200000, 0x0000000712200000, 0x0000000712400000|  0%| F|  |TAMS 0x0000000712200000| PB 0x0000000712200000| Untracked |  0
|  99|0x0000000712400000, 0x0000000712400000, 0x0000000712600000|  0%| F|  |TAMS 0x0000000712400000| PB 0x0000000712400000| Untracked |  0
| 100|0x0000000712600000, 0x0000000712600000, 0x0000000712800000|  0%| F|  |TAMS 0x0000000712600000| PB 0x0000000712600000| Untracked |  0
| 101|0x0000000712800000, 0x0000000712800000, 0x0000000712a00000|  0%| F|  |TAMS 0x0000000712800000| PB 0x0000000712800000| Untracked |  0
| 102|0x0000000712a00000, 0x0000000712a00000, 0x0000000712c00000|  0%| F|  |TAMS 0x0000000712a00000| PB 0x0000000712a00000| Untracked |  0
| 103|0x0000000712c00000, 0x0000000712c00000, 0x0000000712e00000|  0%| F|  |TAMS 0x0000000712c00000| PB 0x0000000712c00000| Untracked |  0
| 104|0x0000000712e00000, 0x0000000712e00000, 0x0000000713000000|  0%| F|  |TAMS 0x0000000712e00000| PB 0x0000000712e00000| Untracked |  0
| 105|0x0000000713000000, 0x0000000713200000, 0x0000000713200000|100%| S|CS|TAMS 0x0000000713000000| PB 0x0000000713000000| Complete |  0
| 106|0x0000000713200000, 0x0000000713400000, 0x0000000713400000|100%| S|CS|TAMS 0x0000000713200000| PB 0x0000000713200000| Complete |  0
| 107|0x0000000713400000, 0x0000000713400000, 0x0000000713600000|  0%| F|  |TAMS 0x0000000713400000| PB 0x0000000713400000| Untracked |  0
| 108|0x0000000713600000, 0x0000000713600000, 0x0000000713800000|  0%| F|  |TAMS 0x0000000713600000| PB 0x0000000713600000| Untracked |  0
| 109|0x0000000713800000, 0x0000000713a00000, 0x0000000713a00000|100%| E|  |TAMS 0x0000000713800000| PB 0x0000000713800000| Complete |  0
| 110|0x0000000713a00000, 0x0000000713c00000, 0x0000000713c00000|100%| E|CS|TAMS 0x0000000713a00000| PB 0x0000000713a00000| Complete |  0
| 111|0x0000000713c00000, 0x0000000713e00000, 0x0000000713e00000|100%| E|CS|TAMS 0x0000000713c00000| PB 0x0000000713c00000| Complete |  0
| 112|0x0000000713e00000, 0x0000000714000000, 0x0000000714000000|100%| E|CS|TAMS 0x0000000713e00000| PB 0x0000000713e00000| Complete |  0
| 113|0x0000000714000000, 0x0000000714200000, 0x0000000714200000|100%| E|CS|TAMS 0x0000000714000000| PB 0x0000000714000000| Complete |  0
| 114|0x0000000714200000, 0x0000000714400000, 0x0000000714400000|100%| E|CS|TAMS 0x0000000714200000| PB 0x0000000714200000| Complete |  0
| 115|0x0000000714400000, 0x0000000714600000, 0x0000000714600000|100%| E|CS|TAMS 0x0000000714400000| PB 0x0000000714400000| Complete |  0
| 116|0x0000000714600000, 0x0000000714800000, 0x0000000714800000|100%| E|CS|TAMS 0x0000000714600000| PB 0x0000000714600000| Complete |  0
| 117|0x0000000714800000, 0x0000000714a00000, 0x0000000714a00000|100%| E|CS|TAMS 0x0000000714800000| PB 0x0000000714800000| Complete |  0
| 118|0x0000000714a00000, 0x0000000714c00000, 0x0000000714c00000|100%| E|CS|TAMS 0x0000000714a00000| PB 0x0000000714a00000| Complete |  0
| 119|0x0000000714c00000, 0x0000000714e00000, 0x0000000714e00000|100%| E|CS|TAMS 0x0000000714c00000| PB 0x0000000714c00000| Complete |  0
| 120|0x0000000714e00000, 0x0000000715000000, 0x0000000715000000|100%| E|CS|TAMS 0x0000000714e00000| PB 0x0000000714e00000| Complete |  0
| 121|0x0000000715000000, 0x0000000715200000, 0x0000000715200000|100%| E|CS|TAMS 0x0000000715000000| PB 0x0000000715000000| Complete |  0
| 122|0x0000000715200000, 0x0000000715400000, 0x0000000715400000|100%| E|CS|TAMS 0x0000000715200000| PB 0x0000000715200000| Complete |  0
| 123|0x0000000715400000, 0x0000000715600000, 0x0000000715600000|100%| E|CS|TAMS 0x0000000715400000| PB 0x0000000715400000| Complete |  0
| 124|0x0000000715600000, 0x0000000715800000, 0x0000000715800000|100%| E|CS|TAMS 0x0000000715600000| PB 0x0000000715600000| Complete |  0
| 125|0x0000000715800000, 0x0000000715a00000, 0x0000000715a00000|100%| E|CS|TAMS 0x0000000715800000| PB 0x0000000715800000| Complete |  0

Card table byte_map: [0x0000028c9d9e0000,0x0000028c9e1c0000] _byte_map_base: 0x0000028c9a1b1000

Marking Bits: (CMBitMap*) 0x0000028c8548e3e0
 Bits: [0x0000028c9e1c0000, 0x0000028ca2048000)

Polling page: 0x0000028c83380000

Metaspace:

Usage:
  Non-class:     17.27 MB used.
      Class:      2.20 MB used.
       Both:     19.47 MB used.

Virtual space:
  Non-class space:       64.00 MB reserved,      17.69 MB ( 28%) committed,  1 nodes.
      Class space:        1.00 GB reserved,       2.50 MB ( <1%) committed,  1 nodes.
             Both:        1.06 GB reserved,      20.19 MB (  2%) committed. 

Chunk freelists:
   Non-Class:  14.29 MB
       Class:  13.47 MB
        Both:  27.76 MB

MaxMetaspaceSize: unlimited
CompressedClassSpaceSize: 1.00 GB
Initial GC threshold: 21.00 MB
Current GC threshold: 21.00 MB
CDS: on
 - commit_granule_bytes: 65536.
 - commit_granule_words: 8192.
 - virtual_space_node_default_size: 8388608.
 - enlarge_chunks_in_place: 1.
 - use_allocation_guard: 0.


Internal statistics:

num_allocs_failed_limit: 0.
num_arena_births: 962.
num_arena_deaths: 0.
num_vsnodes_births: 2.
num_vsnodes_deaths: 0.
num_space_committed: 323.
num_space_uncommitted: 0.
num_chunks_returned_to_freelist: 0.
num_chunks_taken_from_freelist: 1273.
num_chunk_merges: 0.
num_chunk_splits: 746.
num_chunks_enlarged: 271.
num_inconsistent_stats: 0.

CodeHeap 'non-profiled nmethods': size=119168Kb used=2620Kb max_used=2620Kb free=116547Kb
 bounds [0x0000028c952f0000, 0x0000028c95580000, 0x0000028c9c750000]
CodeHeap 'profiled nmethods': size=119104Kb used=9819Kb max_used=9819Kb free=109284Kb
 bounds [0x0000028c8d750000, 0x0000028c8e0f0000, 0x0000028c94ba0000]
CodeHeap 'non-nmethods': size=7488Kb used=1779Kb max_used=3501Kb free=5709Kb
 bounds [0x0000028c94ba0000, 0x0000028c94f80000, 0x0000028c952f0000]
 total_blobs=5845 nmethods=5045 adapters=691
 compilation: enabled
              stopped_count=0, restarted_count=0
 full_count=0

Compilation events (20 events):
Event: 49.693 Thread 0x0000028ca5490d60 5036   !   4       java.awt.EventQueue::setCurrentEventAndMostRecentTimeImpl (191 bytes)
Event: 49.712 Thread 0x0000028ca5490d60 nmethod 5036 0x0000028c9557c890 code [0x0000028c9557caa0, 0x0000028c9557d320]
Event: 49.952 Thread 0x0000028ca5490d60 5037       4       java.util.WeakHashMap::get (75 bytes)
Event: 49.959 Thread 0x0000028ca5490d60 nmethod 5037 0x0000028c9557d790 code [0x0000028c9557d940, 0x0000028c9557dc80]
Event: 50.020 Thread 0x0000028ca54a3a40 5038       3       java.lang.Thread::getContextClassLoader (30 bytes)
Event: 50.021 Thread 0x0000028ca54a3a40 nmethod 5038 0x0000028c8e0de590 code [0x0000028c8e0de740, 0x0000028c8e0de998]
Event: 50.087 Thread 0x0000028ca54a3a40 5039       1       com.sun.jmx.mbeanserver.MXBeanSupport::getCookie (5 bytes)
Event: 50.087 Thread 0x0000028ca54a3a40 nmethod 5039 0x0000028c9557df90 code [0x0000028c9557e120, 0x0000028c9557e1f0]
Event: 50.087 Thread 0x0000028ca54a3a40 5040       3       com.sun.jmx.mbeanserver.MXBeanLookup::setLookup (8 bytes)
Event: 50.088 Thread 0x0000028ca54a3a40 nmethod 5040 0x0000028c8e0dea90 code [0x0000028c8e0dec60, 0x0000028c8e0df110]
Event: 50.089 Thread 0x0000028ca54a3a40 5041       3       java.util.TreeMap::writeObject (65 bytes)
Event: 50.090 Thread 0x0000028ca54a3a40 nmethod 5041 0x0000028c8e0df290 code [0x0000028c8e0df500, 0x0000028c8e0dfe40]
Event: 50.090 Thread 0x0000028ca54a3a40 5042       3       java.io.ObjectOutputStream::defaultWriteObject (54 bytes)
Event: 50.091 Thread 0x0000028ca54a3a40 nmethod 5042 0x0000028c8e0e0110 code [0x0000028c8e0e0340, 0x0000028c8e0e09a8]
Event: 50.123 Thread 0x0000028ca54a3a40 5043   !   3       sun.awt.windows.WWindowPeer::setModalBlocked (153 bytes)
Event: 50.125 Thread 0x0000028ca54a3a40 nmethod 5043 0x0000028c8e0e0c90 code [0x0000028c8e0e0fa0, 0x0000028c8e0e2760]
Event: 50.254 Thread 0x0000028ca54a3a40 5044       3       java.util.Formatter::parse (208 bytes)
Event: 50.259 Thread 0x0000028ca54a3a40 nmethod 5044 0x0000028c8e0e2f90 code [0x0000028c8e0e3460, 0x0000028c8e0e5e98]
Event: 50.506 Thread 0x0000028ca5490d60 5045   !   4       java.io.BufferedOutputStream::flush (60 bytes)
Event: 50.524 Thread 0x0000028ca5490d60 nmethod 5045 0x0000028c9557e290 code [0x0000028c9557e4a0, 0x0000028c9557eb80]

GC Heap History (4 events):
Event: 11.958 GC heap before
{Heap before GC invocations=0 (full 0):
 garbage-first heap   total reserved 4098048K, committed 258048K, used 30720K [0x0000000705e00000, 0x0000000800000000)
  region size 2048K, 12 young (24576K), 0 survivors (0K)
 Metaspace       used 14414K, committed 14784K, reserved 1114112K
  class space    used 1670K, committed 1856K, reserved 1048576K
}
Event: 11.972 GC heap after
{Heap after GC invocations=1 (full 0):
 garbage-first heap   total reserved 4098048K, committed 258048K, used 12348K [0x0000000705e00000, 0x0000000800000000)
  region size 2048K, 2 young (4096K), 2 survivors (4096K)
 Metaspace       used 14414K, committed 14784K, reserved 1114112K
  class space    used 1670K, committed 1856K, reserved 1048576K
}
Event: 32.998 GC heap before
{Heap before GC invocations=1 (full 0):
 garbage-first heap   total reserved 4098048K, committed 258048K, used 47164K [0x0000000705e00000, 0x0000000800000000)
  region size 2048K, 19 young (38912K), 2 survivors (4096K)
 Metaspace       used 19595K, committed 20288K, reserved 1114112K
  class space    used 2249K, committed 2560K, reserved 1048576K
}
Event: 33.014 GC heap after
{Heap after GC invocations=2 (full 0):
 garbage-first heap   total reserved 4098048K, committed 258048K, used 16334K [0x0000000705e00000, 0x0000000800000000)
  region size 2048K, 2 young (4096K), 2 survivors (4096K)
 Metaspace       used 19595K, committed 20288K, reserved 1114112K
  class space    used 2249K, committed 2560K, reserved 1048576K
}

Dll operation events (16 events):
Event: 0.104 Loaded shared library C:\Program Files\Java\jdk-22\bin\java.dll
Event: 0.171 Loaded shared library C:\Program Files\Java\jdk-22\bin\jsvml.dll
Event: 0.252 Loaded shared library C:\Program Files\Java\jdk-22\bin\zip.dll
Event: 0.261 Loaded shared library C:\Program Files\Java\jdk-22\bin\instrument.dll
Event: 0.271 Loaded shared library C:\Program Files\Java\jdk-22\bin\net.dll
Event: 0.276 Loaded shared library C:\Program Files\Java\jdk-22\bin\nio.dll
Event: 0.284 Loaded shared library C:\Program Files\Java\jdk-22\bin\zip.dll
Event: 0.353 Loaded shared library C:\Program Files\Java\jdk-22\bin\extnet.dll
Event: 0.393 Loaded shared library C:\Program Files\Java\jdk-22\bin\jimage.dll
Event: 0.413 Loaded shared library C:\Program Files\Java\jdk-22\bin\awt.dll
Event: 1.085 Loaded shared library C:\Program Files\Java\jdk-22\bin\freetype.dll
Event: 1.092 Loaded shared library C:\Program Files\Java\jdk-22\bin\fontmanager.dll
Event: 1.769 Loaded shared library C:\Program Files\Java\jdk-22\bin\management.dll
Event: 1.796 Loaded shared library C:\Program Files\Java\jdk-22\bin\management_ext.dll
Event: 22.600 Loaded shared library C:\Windows\System32\ucrtbase.dll
Event: 22.604 Loaded shared library C:\Program Files\Java\jdk-22\bin\syslookup.dll

Deoptimization events (20 events):
Event: 39.531 Thread 0x0000028ca564b880 Uncommon trap: trap_request=0xffffffbe fr.pc=0x0000028c9553ef28 relative=0x0000000000000f68
Event: 39.531 Thread 0x0000028ca564b880 Uncommon trap: reason=profile_predicate action=maybe_recompile pc=0x0000028c9553ef28 method=sun.font.HBShaper.store_layout_results(IIIFFFIILjava/lang/foreign/MemorySegment;Ljava/lang/foreign/MemorySegment;)V @ 185 c2
Event: 39.531 Thread 0x0000028ca564b880 DEOPT PACKING pc=0x0000028c9553ef28 sp=0x000000abf5b6e9b0
Event: 39.531 Thread 0x0000028ca564b880 DEOPT UNPACKING pc=0x0000028c94bf46a2 sp=0x000000abf5b6e888 mode 2
Event: 39.531 Thread 0x0000028ca564b880 Uncommon trap: trap_request=0xffffffbe fr.pc=0x0000028c9553ef28 relative=0x0000000000000f68
Event: 39.531 Thread 0x0000028ca564b880 Uncommon trap: reason=profile_predicate action=maybe_recompile pc=0x0000028c9553ef28 method=sun.font.HBShaper.store_layout_results(IIIFFFIILjava/lang/foreign/MemorySegment;Ljava/lang/foreign/MemorySegment;)V @ 185 c2
Event: 39.531 Thread 0x0000028ca564b880 DEOPT PACKING pc=0x0000028c9553ef28 sp=0x000000abf5b6e9b0
Event: 39.531 Thread 0x0000028ca564b880 DEOPT UNPACKING pc=0x0000028c94bf46a2 sp=0x000000abf5b6e888 mode 2
Event: 39.531 Thread 0x0000028ca564b880 Uncommon trap: trap_request=0xffffffbe fr.pc=0x0000028c9553ef28 relative=0x0000000000000f68
Event: 39.531 Thread 0x0000028ca564b880 Uncommon trap: reason=profile_predicate action=maybe_recompile pc=0x0000028c9553ef28 method=sun.font.HBShaper.store_layout_results(IIIFFFIILjava/lang/foreign/MemorySegment;Ljava/lang/foreign/MemorySegment;)V @ 185 c2
Event: 39.531 Thread 0x0000028ca564b880 DEOPT PACKING pc=0x0000028c9553ef28 sp=0x000000abf5b6ea20
Event: 39.531 Thread 0x0000028ca564b880 DEOPT UNPACKING pc=0x0000028c94bf46a2 sp=0x000000abf5b6e8f8 mode 2
Event: 39.531 Thread 0x0000028ca564b880 Uncommon trap: trap_request=0xffffffbe fr.pc=0x0000028c9553ef28 relative=0x0000000000000f68
Event: 39.531 Thread 0x0000028ca564b880 Uncommon trap: reason=profile_predicate action=maybe_recompile pc=0x0000028c9553ef28 method=sun.font.HBShaper.store_layout_results(IIIFFFIILjava/lang/foreign/MemorySegment;Ljava/lang/foreign/MemorySegment;)V @ 185 c2
Event: 39.531 Thread 0x0000028ca564b880 DEOPT PACKING pc=0x0000028c9553ef28 sp=0x000000abf5b6ea20
Event: 39.531 Thread 0x0000028ca564b880 DEOPT UNPACKING pc=0x0000028c94bf46a2 sp=0x000000abf5b6e8f8 mode 2
Event: 46.411 Thread 0x0000028ca564b880 DEOPT PACKING pc=0x0000028c8df20fab sp=0x000000abf5b2ebf0
Event: 46.412 Thread 0x0000028ca564b880 DEOPT UNPACKING pc=0x0000028c94bf4e42 sp=0x000000abf5b2e088 mode 0
Event: 48.265 Thread 0x0000028ca564b880 DEOPT PACKING pc=0x0000028c8df3c521 sp=0x000000abf5b22780
Event: 48.265 Thread 0x0000028ca564b880 DEOPT UNPACKING pc=0x0000028c94bf4e42 sp=0x000000abf5b21c78 mode 0

Classes loaded (20 events):
Event: 23.034 Loading class sun/awt/geom/PathConsumer2D done
Event: 23.034 Loading class sun/java2d/pipe/ShapeSpanIterator done
Event: 23.034 Loading class java/awt/geom/Path2D$Float$TxIterator
Event: 23.034 Loading class java/awt/geom/Path2D$Float$TxIterator done
Event: 26.659 Loading class sun/util/resources/LocaleData$CommonResourceBundleProvider
Event: 26.662 Loading class sun/util/resources/LocaleData$LocaleDataResourceBundleProvider
Event: 26.662 Loading class java/util/spi/ResourceBundleProvider
Event: 26.662 Loading class java/util/spi/ResourceBundleProvider done
Event: 26.662 Loading class sun/util/resources/LocaleData$LocaleDataResourceBundleProvider done
Event: 26.662 Loading class sun/util/resources/LocaleData$CommonResourceBundleProvider done
Event: 26.663 Loading class sun/util/resources/Bundles$2
Event: 26.663 Loading class sun/util/resources/Bundles$2 done
Event: 26.664 Loading class java/lang/InstantiationException
Event: 26.664 Loading class java/lang/InstantiationException done
Event: 26.674 Loading class javax/swing/plaf/basic/BasicOptionPaneUI$1
Event: 26.674 Loading class javax/swing/plaf/basic/BasicOptionPaneUI$1 done
Event: 26.693 Loading class sun/font/NativeFont
Event: 26.694 Loading class sun/font/NativeFont done
Event: 26.694 Loading class java/lang/CharacterData01
Event: 26.695 Loading class java/lang/CharacterData01 done

Classes unloaded (0 events):
No events

Classes redefined (0 events):
No events

Internal exceptions (20 events):
Event: 22.978 Thread 0x0000028ca564b880 Exception <a 'java/lang/NoSuchMethodError'{0x00000007150c04c0}: 'int java.lang.invoke.DirectMethodHandle$Holder.invokeStatic(java.lang.Object, java.lang.Object, int, java.lang.Object)'> (0x00000007150c04c0) 
thrown [s\open\src\hotspot\share\interpreter\linkResolver.cpp, line 774]
Event: 22.978 Thread 0x0000028ca564b880 Exception <a 'java/lang/NoSuchMethodError'{0x00000007150c42c0}: 'int java.lang.invoke.DirectMethodHandle$Holder.invokeSpecial(java.lang.Object, java.lang.Object, java.lang.Object, int, java.lang.Object)'> (0x00000007150c42c0) 
thrown [s\open\src\hotspot\share\interpreter\linkResolver.cpp, line 774]
Event: 22.979 Thread 0x0000028ca564b880 Exception <a 'java/lang/NoSuchMethodError'{0x00000007150c7a68}: 'int java.lang.invoke.DelegatingMethodHandle$Holder.reinvoke_L(java.lang.Object, java.lang.Object, int, java.lang.Object)'> (0x00000007150c7a68) 
thrown [s\open\src\hotspot\share\interpreter\linkResolver.cpp, line 774]
Event: 22.983 Thread 0x0000028ca564b880 Exception <a 'java/lang/NoSuchMethodError'{0x00000007150e0808}: 'int java.lang.invoke.DelegatingMethodHandle$Holder.reinvoke_L(java.lang.Object, java.lang.Object, int, long)'> (0x00000007150e0808) 
thrown [s\open\src\hotspot\share\interpreter\linkResolver.cpp, line 774]
Event: 22.984 Thread 0x0000028ca564b880 Exception <a 'java/lang/NoSuchMethodError'{0x00000007150e7730}: 'int java.lang.invoke.DirectMethodHandle$Holder.invokeSpecial(java.lang.Object, java.lang.Object, int, long)'> (0x00000007150e7730) 
thrown [s\open\src\hotspot\share\interpreter\linkResolver.cpp, line 774]
Event: 22.984 Thread 0x0000028ca564b880 Exception <a 'java/lang/NoSuchMethodError'{0x00000007150ead08}: 'int java.lang.invoke.Invokers$Holder.exactInvoker(java.lang.Object, java.lang.Object, int, long)'> (0x00000007150ead08) 
thrown [s\open\src\hotspot\share\interpreter\linkResolver.cpp, line 774]
Event: 22.984 Thread 0x0000028ca564b880 Exception <a 'java/lang/NoSuchMethodError'{0x00000007150ee878}: 'int java.lang.invoke.DelegatingMethodHandle$Holder.delegate(java.lang.Object, java.lang.Object, int, long)'> (0x00000007150ee878) 
thrown [s\open\src\hotspot\share\interpreter\linkResolver.cpp, line 774]
Event: 22.994 Thread 0x0000028ca564b880 Exception <a 'java/lang/NoSuchMethodError'{0x000000071510e020}: 'void java.lang.invoke.DirectMethodHandle$Holder.invokeSpecial(java.lang.Object, java.lang.Object, float, java.lang.Object, java.lang.Object, java.lang.Object, int, int, int, int, int, float, float, int, int, java.lang.Object, java.lang.Object)'> (0x000000071510e020) 
thrown [s\open\src\hotspot\share\interpreter\linkResolver.cpp, line 774]
Event: 22.997 Thread 0x0000028ca564b880 Exception <a 'java/lang/NoSuchMethodError'{0x000000071511dfc0}: 'int java.lang.invoke.DirectMethodHandle$Holder.invokeSpecial(java.lang.Object, java.lang.Object, int, java.lang.Object)'> (0x000000071511dfc0) 
thrown [s\open\src\hotspot\share\interpreter\linkResolver.cpp, line 774]
Event: 22.997 Thread 0x0000028ca564b880 Exception <a 'java/lang/NoSuchMethodError'{0x00000007151215d8}: 'int java.lang.invoke.Invokers$Holder.invokeExact_MT(java.lang.Object, int, java.lang.Object, java.lang.Object)'> (0x00000007151215d8) 
thrown [s\open\src\hotspot\share\interpreter\linkResolver.cpp, line 774]
Event: 22.997 Thread 0x0000028ca564b880 Exception <a 'java/lang/NoSuchMethodError'{0x0000000715124e48}: 'java.lang.Object java.lang.invoke.Invokers$Holder.invokeExact_MT(java.lang.Object, long, java.lang.Object)'> (0x0000000715124e48) 
thrown [s\open\src\hotspot\share\interpreter\linkResolver.cpp, line 774]
Event: 23.001 Thread 0x0000028ca564b880 Exception <a 'java/lang/NoSuchMethodError'{0x0000000715135c20}: 'java.lang.Object java.lang.invoke.DelegatingMethodHandle$Holder.reinvoke_L(java.lang.Object, long, long, long)'> (0x0000000715135c20) 
thrown [s\open\src\hotspot\share\interpreter\linkResolver.cpp, line 774]
Event: 23.003 Thread 0x0000028ca564b880 Exception <a 'java/lang/NoSuchMethodError'{0x0000000715148d00}: 'java.lang.Object java.lang.invoke.DirectMethodHandle$Holder.invokeStatic(java.lang.Object, java.lang.Object, java.lang.Object, java.lang.Object, long, long)'> (0x0000000715148d00) 
thrown [s\open\src\hotspot\share\interpreter\linkResolver.cpp, line 774]
Event: 23.009 Thread 0x0000028ca564b880 Exception <a 'java/lang/NoSuchMethodError'{0x0000000715171e90}: 'void java.lang.invoke.DelegatingMethodHandle$Holder.reinvoke_L(java.lang.Object, java.lang.Object, java.lang.Object, long, long)'> (0x0000000715171e90) 
thrown [s\open\src\hotspot\share\interpreter\linkResolver.cpp, line 774]
Event: 23.019 Thread 0x0000028ca564b880 Exception <a 'java/lang/NoSuchMethodError'{0x00000007151aea68}: 'int java.lang.invoke.Invokers$Holder.invokeExact_MT(java.lang.Object, java.lang.Object, java.lang.Object, int, java.lang.Object, java.lang.Object)'> (0x00000007151aea68) 
thrown [s\open\src\hotspot\share\interpreter\linkResolver.cpp, line 774]
Event: 23.021 Thread 0x0000028ca564b880 Exception <a 'java/lang/NoSuchMethodError'{0x00000007151c17f8}: 'int java.lang.invoke.DelegatingMethodHandle$Holder.reinvoke_L(java.lang.Object, java.lang.Object, java.lang.Object, long)'> (0x00000007151c17f8) 
thrown [s\open\src\hotspot\share\interpreter\linkResolver.cpp, line 774]
Event: 23.023 Thread 0x0000028ca564b880 Exception <a 'java/lang/NoSuchMethodError'{0x00000007151c8b30}: 'void java.lang.invoke.DirectMethodHandle$Holder.invokeSpecial(java.lang.Object, java.lang.Object, java.lang.Object, long)'> (0x00000007151c8b30) 
thrown [s\open\src\hotspot\share\interpreter\linkResolver.cpp, line 774]
Event: 23.026 Thread 0x0000028ca564b880 Exception <a 'java/lang/NoSuchMethodError'{0x00000007151e6038}: 'java.lang.Object java.lang.invoke.DirectMethodHandle$Holder.invokeStatic(java.lang.Object, java.lang.Object, java.lang.Object, java.lang.Object, java.lang.Object, java.lang.Object, java.lang.Object, long)'> (0x00000007151e6038) 
thrown [s\open\src\hotspot\share\interpreter\linkResolver.cpp, line 774]
Event: 50.605 Thread 0x0000028ca564b880 StackOverflowError at 0x0000028c95448fe0
Event: 50.606 Thread 0x0000028ca564b880 Exception <a 'java/lang/StackOverflowError'{0x00000007139b9538}> (0x00000007139b9538) 
thrown [s\open\src\hotspot\share\runtime\sharedRuntime.cpp, line 628]

ZGC Phase Switch (0 events):
No events

VM Operations (20 events):
Event: 38.031 Executing VM operation: Cleanup
Event: 38.031 Executing VM operation: Cleanup done
Event: 39.032 Executing VM operation: Cleanup
Event: 39.032 Executing VM operation: Cleanup done
Event: 40.032 Executing VM operation: Cleanup
Event: 40.032 Executing VM operation: Cleanup done
Event: 42.033 Executing VM operation: Cleanup
Event: 42.033 Executing VM operation: Cleanup done
Event: 43.033 Executing VM operation: Cleanup
Event: 43.033 Executing VM operation: Cleanup done
Event: 44.034 Executing VM operation: Cleanup
Event: 44.034 Executing VM operation: Cleanup done
Event: 45.034 Executing VM operation: Cleanup
Event: 45.034 Executing VM operation: Cleanup done
Event: 46.034 Executing VM operation: Cleanup
Event: 46.034 Executing VM operation: Cleanup done
Event: 48.035 Executing VM operation: Cleanup
Event: 48.035 Executing VM operation: Cleanup done
Event: 50.035 Executing VM operation: Cleanup
Event: 50.035 Executing VM operation: Cleanup done

Memory protections (0 events):
No events

Nmethod flushes (0 events):
No events

Events (20 events):
Event: 27.455 Thread 0x0000028cecf38840 Thread added: 0x0000028ceb2d5510
Event: 27.670 Thread 0x0000028ceb2d5510 Thread exited: 0x0000028ceb2d5510
Event: 27.679 Thread 0x0000028ceb3658e0 Thread exited: 0x0000028ceb3658e0
Event: 30.928 Thread 0x0000028ca54a3a40 Thread added: 0x0000028ceb475fa0
Event: 31.310 Thread 0x0000028ceb475fa0 Thread exited: 0x0000028ceb475fa0
Event: 32.877 Thread 0x0000028ca54a3a40 Thread added: 0x0000028cedcc2e80
Event: 34.082 Thread 0x0000028cedcc2e80 Thread exited: 0x0000028cedcc2e80
Event: 34.846 Thread 0x0000028cedcb7010 Thread exited: 0x0000028cedcb7010
Event: 35.353 Thread 0x0000028ca5490d60 Thread added: 0x0000028cecdb0680
Event: 36.525 Thread 0x0000028cecdb0680 Thread exited: 0x0000028cecdb0680
Event: 36.525 Thread 0x0000028cecf38f00 Thread exited: 0x0000028cecf38f00
Event: 37.073 Thread 0x0000028cecf38840 Thread exited: 0x0000028cecf38840
Event: 37.544 Thread 0x0000028ca54a3a40 Thread added: 0x0000028ced827d50
Event: 37.545 Thread 0x0000028ca54a3a40 Thread added: 0x0000028cecdb0680
Event: 37.545 Thread 0x0000028ca54a3a40 Thread added: 0x0000028ced763680
Event: 38.050 Thread 0x0000028ca5490d60 Thread added: 0x0000028ceec9f8c0
Event: 38.563 Thread 0x0000028ceec9f8c0 Thread exited: 0x0000028ceec9f8c0
Event: 39.069 Thread 0x0000028ced763680 Thread exited: 0x0000028ced763680
Event: 39.821 Thread 0x0000028cecdb0680 Thread exited: 0x0000028cecdb0680
Event: 40.888 Thread 0x0000028ced827d50 Thread exited: 0x0000028ced827d50


Dynamic libraries:
0x00007ff63adf0000 - 0x00007ff63ae00000 	C:\Program Files\Java\jdk-22\bin\java.exe
0x00007fff284a0000 - 0x00007fff28707000 	C:\WINDOWS\SYSTEM32\ntdll.dll
0x00007fff262d0000 - 0x00007fff26399000 	C:\WINDOWS\System32\KERNEL32.DLL
0x00007fff25c70000 - 0x00007fff2605f000 	C:\WINDOWS\System32\KERNELBASE.dll
0x00007fff25670000 - 0x00007fff257bb000 	C:\WINDOWS\System32\ucrtbase.dll
0x00007fff14a70000 - 0x00007fff14a87000 	C:\Program Files\Java\jdk-22\bin\jli.dll
0x00007fff13130000 - 0x00007fff1314b000 	C:\Program Files\Java\jdk-22\bin\VCRUNTIME140.dll
0x00007fff26ad0000 - 0x00007fff26c95000 	C:\WINDOWS\System32\USER32.dll
0x00007fff26070000 - 0x00007fff26097000 	C:\WINDOWS\System32\win32u.dll
0x00007fff270e0000 - 0x00007fff2710b000 	C:\WINDOWS\System32\GDI32.dll
0x00007fff25940000 - 0x00007fff25a6c000 	C:\WINDOWS\System32\gdi32full.dll
0x00007fff035f0000 - 0x00007fff03883000 	C:\WINDOWS\WinSxS\amd64_microsoft.windows.common-controls_6595b64144ccf1df_6.0.26100.7309_none_3e05feeae336a044\COMCTL32.dll
0x00007fff26790000 - 0x00007fff26839000 	C:\WINDOWS\System32\msvcrt.dll
0x00007fff26160000 - 0x00007fff26203000 	C:\WINDOWS\System32\msvcp_win.dll
0x00007fff26570000 - 0x00007fff265a1000 	C:\WINDOWS\System32\IMM32.DLL
0x0000000062400000 - 0x000000006240c000 	C:\Program Files (x86)\360\Total Security\safemon\SafeWrapper.dll
0x00007fff27620000 - 0x00007fff276d4000 	C:\WINDOWS\System32\ADVAPI32.dll
0x00007fff27e50000 - 0x00007fff27ef6000 	C:\WINDOWS\System32\sechost.dll
0x00007fff269b0000 - 0x00007fff26ac8000 	C:\WINDOWS\System32\RPCRT4.dll
0x00007ffedfe50000 - 0x00007ffedfefc000 	C:\Program Files (x86)\360\Total Security\safemon\libzdtp64.dll
0x00007fff276f0000 - 0x00007fff27e43000 	C:\WINDOWS\System32\SHELL32.dll
0x00007fff25a70000 - 0x00007fff25bda000 	C:\WINDOWS\System32\wintypes.dll
0x00007fff27290000 - 0x00007fff27615000 	C:\WINDOWS\System32\combase.dll
0x00007fff26500000 - 0x00007fff26566000 	C:\WINDOWS\System32\SHLWAPI.dll
0x00007fff24ee0000 - 0x00007fff24eeb000 	C:\WINDOWS\SYSTEM32\VERSION.dll
0x00007fff22000000 - 0x00007fff2200c000 	C:\Program Files\Java\jdk-22\bin\vcruntime140_1.dll
0x00007fff12700000 - 0x00007fff1278e000 	C:\Program Files\Java\jdk-22\bin\msvcp140.dll
0x00007ffea9980000 - 0x00007ffeaa6c9000 	C:\Program Files\Java\jdk-22\bin\server\jvm.dll
0x00007fff26f30000 - 0x00007fff26fa4000 	C:\WINDOWS\System32\WS2_32.dll
0x00007fff25420000 - 0x00007fff2547e000 	C:\WINDOWS\SYSTEM32\POWRPROF.dll
0x00007fff1ab50000 - 0x00007fff1ab85000 	C:\WINDOWS\SYSTEM32\WINMM.dll
0x00007fff25400000 - 0x00007fff25414000 	C:\WINDOWS\SYSTEM32\UMPDC.dll
0x00007fff24300000 - 0x00007fff2431b000 	C:\WINDOWS\SYSTEM32\kernel.appcore.dll
0x00007fff1d700000 - 0x00007fff1d70a000 	C:\Program Files\Java\jdk-22\bin\jimage.dll
0x00007fff22ca0000 - 0x00007fff22ee2000 	C:\WINDOWS\SYSTEM32\DBGHELP.DLL
0x00007fff26e40000 - 0x00007fff26f16000 	C:\WINDOWS\System32\OLEAUT32.dll
0x00007ffefd190000 - 0x00007ffefd1cc000 	C:\WINDOWS\SYSTEM32\dbgcore.DLL
0x00007fff255c0000 - 0x00007fff25665000 	C:\WINDOWS\System32\bcryptPrimitives.dll
0x00007fff1d690000 - 0x00007fff1d69f000 	C:\Program Files\Java\jdk-22\bin\instrument.dll
0x00007fff13090000 - 0x00007fff130ae000 	C:\Program Files\Java\jdk-22\bin\java.dll
0x00007fff26ca0000 - 0x00007fff26e37000 	C:\WINDOWS\System32\ole32.dll
0x00007fff23130000 - 0x00007fff2398e000 	C:\WINDOWS\SYSTEM32\windows.storage.dll
0x00007fff27190000 - 0x00007fff27285000 	C:\WINDOWS\System32\SHCORE.dll
0x00007fff254e0000 - 0x00007fff25509000 	C:\WINDOWS\SYSTEM32\profapi.dll
0x00007fff0cef0000 - 0x00007fff0cfc7000 	C:\Program Files\Java\jdk-22\bin\jsvml.dll
0x00007fff130f0000 - 0x00007fff13107000 	C:\Program Files\Java\jdk-22\bin\zip.dll
0x00007fff14d40000 - 0x00007fff14d50000 	C:\Program Files\Java\jdk-22\bin\net.dll
0x00007fff24870000 - 0x00007fff248db000 	C:\WINDOWS\system32\mswsock.dll
0x00007fff12cd0000 - 0x00007fff12ce6000 	C:\Program Files\Java\jdk-22\bin\nio.dll
0x00007fff14d20000 - 0x00007fff14d29000 	C:\Program Files\Java\jdk-22\bin\extnet.dll
0x00007ffee78c0000 - 0x00007ffee7a4e000 	C:\Program Files\Java\jdk-22\bin\awt.dll
0x00007fff220f0000 - 0x00007fff2218f000 	C:\WINDOWS\SYSTEM32\apphelp.dll
0x00007fff22230000 - 0x00007fff222db000 	C:\WINDOWS\system32\uxtheme.dll
0x00007fff26840000 - 0x00007fff2699e000 	C:\WINDOWS\System32\MSCTF.dll
0x00007fff226a0000 - 0x00007fff226d0000 	C:\WINDOWS\system32\DWMAPI.DLL
0x00007ffe8a730000 - 0x00007ffe8a840000 	C:\WINDOWS\system32\opengl32.dll
0x00007ffe8d820000 - 0x00007ffe8d84d000 	C:\WINDOWS\SYSTEM32\GLU32.dll
0x00007fff224b0000 - 0x00007fff224f4000 	C:\WINDOWS\SYSTEM32\dxcore.dll
0x00007fff0cce0000 - 0x00007fff0cd67000 	C:\Program Files\Java\jdk-22\bin\freetype.dll
0x00007ffef4720000 - 0x00007ffef47f7000 	C:\Program Files\Java\jdk-22\bin\fontmanager.dll
0x00007fff26210000 - 0x00007fff262c0000 	C:\WINDOWS\System32\clbcatq.dll
0x00007fff208a0000 - 0x00007fff20ad0000 	C:\WINDOWS\SYSTEM32\WindowsCodecs.dll
0x00007ffeff540000 - 0x00007ffeff59a000 	C:\WINDOWS\system32\dataexchange.dll
0x00007fff13d30000 - 0x00007fff13f74000 	C:\WINDOWS\system32\twinapi.appcore.dll
0x00007ffef44b0000 - 0x00007ffef45f8000 	C:\WINDOWS\SYSTEM32\textinputframework.dll
0x00007fff23e80000 - 0x00007fff23fac000 	C:\WINDOWS\SYSTEM32\DNSAPI.dll
0x00007fff23e40000 - 0x00007fff23e74000 	C:\WINDOWS\SYSTEM32\IPHLPAPI.DLL
0x00007fff276e0000 - 0x00007fff276ea000 	C:\WINDOWS\System32\NSI.dll
0x00007fff150b0000 - 0x00007fff150bb000 	C:\Windows\System32\rasadhlp.dll
0x00007fff1c1f0000 - 0x00007fff1c276000 	C:\WINDOWS\System32\fwpuclnt.dll
0x00007fff14ab0000 - 0x00007fff14aba000 	C:\Program Files\Java\jdk-22\bin\management.dll
0x00007fff144d0000 - 0x00007fff144db000 	C:\Program Files\Java\jdk-22\bin\management_ext.dll
0x00007fff264d0000 - 0x00007fff264d8000 	C:\WINDOWS\System32\PSAPI.DLL
0x00007fff21c70000 - 0x00007fff21d97000 	C:\WINDOWS\SYSTEM32\CoreMessaging.dll
0x00007fff1cc30000 - 0x00007fff1cf12000 	C:\WINDOWS\SYSTEM32\CoreUIComponents.dll
0x00007fff24b50000 - 0x00007fff24b5c000 	C:\WINDOWS\SYSTEM32\CRYPTBASE.DLL
0x00007fff24b30000 - 0x00007fff24b4b000 	C:\WINDOWS\SYSTEM32\CRYPTSP.dll
0x00007fff24260000 - 0x00007fff2429a000 	C:\WINDOWS\system32\rsaenh.dll
0x00007fff24920000 - 0x00007fff2494b000 	C:\WINDOWS\SYSTEM32\USERENV.dll
0x00007fff254b0000 - 0x00007fff254da000 	C:\WINDOWS\SYSTEM32\bcrypt.dll
0x00007ffe97de0000 - 0x00007ffe97df8000 	C:\WINDOWS\system32\napinsp.dll
0x00007ffe97e00000 - 0x00007ffe97e12000 	C:\WINDOWS\System32\winrnr.dll
0x00007fff15fb0000 - 0x00007fff15fd2000 	C:\WINDOWS\system32\nlansp_c.dll
0x00007ffee31c0000 - 0x00007ffee31d6000 	C:\WINDOWS\system32\wshbth.dll
0x00007fff030c0000 - 0x00007fff03116000 	C:\WINDOWS\SYSTEM32\pdh.dll
0x00007fff12ca0000 - 0x00007fff12cb2000 	C:\WINDOWS\System32\perfproc.dll
0x00007ffeb8fb0000 - 0x00007ffeb8fc1000 	C:\WINDOWS\System32\perfos.dll
0x00007fff239c0000 - 0x00007fff239d2000 	C:\WINDOWS\SYSTEM32\pfclient.dll
0x00007fff12b30000 - 0x00007fff12b39000 	C:\Program Files\Java\jdk-22\bin\syslookup.dll

dbghelp: loaded successfully - version: 4.0.5 - missing functions: none
symbol engine: initialized successfully - sym options: 0x614 - pdb path: .;C:\Program Files\Java\jdk-22\bin;C:\WINDOWS\SYSTEM32;C:\WINDOWS\WinSxS\amd64_microsoft.windows.common-controls_6595b64144ccf1df_6.0.26100.7309_none_3e05feeae336a044;C:\Program Files (x86)\360\Total Security\safemon;C:\Program Files\Java\jdk-22\bin\server

VM Arguments:
jvm_args: -javaagent:C:\Program Files\JetBrains\IntelliJ IDEA 2025.1.3\lib\idea_rt.jar=51136 -Dfile.encoding=UTF-8 -Dsun.stdout.encoding=UTF-8 -Dsun.stderr.encoding=UTF-8 
java_command: ru.itis.dis403.sw2_game.client.Main
java_class_path (initial): C:\Users\safiu\IdeaProjects\sw2_game\target\classes;C:\Users\safiu\.m2\repository\org\postgresql\postgresql\42.7.5\postgresql-42.7.5.jar;C:\Users\safiu\.m2\repository\org\checkerframework\checker-qual\3.48.3\checker-qual-3.48.3.jar
Launcher Type: SUN_STANDARD

[Global flags]
     intx CICompilerCount                          = 12                                        {product} {ergonomic}
     uint ConcGCThreads                            = 4                                         {product} {ergonomic}
     uint G1ConcRefinementThreads                  = 15                                        {product} {ergonomic}
   size_t G1HeapRegionSize                         = 2097152                                   {product} {ergonomic}
   size_t InitialHeapSize                          = 264241152                                 {product} {ergonomic}
   size_t MarkStackSize                            = 4194304                                   {product} {ergonomic}
   size_t MaxHeapSize                              = 4196401152                                {product} {ergonomic}
   size_t MaxNewSize                               = 2516582400                                {product} {ergonomic}
   size_t MinHeapDeltaBytes                        = 2097152                                   {product} {ergonomic}
   size_t MinHeapSize                              = 8388608                                   {product} {ergonomic}
    uintx NonNMethodCodeHeapSize                   = 7602480                                {pd product} {ergonomic}
    uintx NonProfiledCodeHeapSize                  = 122027880                              {pd product} {ergonomic}
    uintx ProfiledCodeHeapSize                     = 122027880                              {pd product} {ergonomic}
    uintx ReservedCodeCacheSize                    = 251658240                              {pd product} {ergonomic}
     bool SegmentedCodeCache                       = true                                      {product} {ergonomic}
   size_t SoftMaxHeapSize                          = 4196401152                             {manageable} {ergonomic}
     bool UseCompressedOops                        = true                           {product lp64_product} {ergonomic}
     bool UseG1GC                                  = true                                      {product} {ergonomic}
     bool UseLargePagesIndividualAllocation        = false                                  {pd product} {ergonomic}

Logging:
Log output configuration:
 #0: stdout all=warning uptime,level,tags foldmultilines=false
 #1: stderr all=off uptime,level,tags foldmultilines=false

Environment Variables:
PATH=C:\Program Files\Common Files\Oracle\Java\javapath;C:\WINDOWS\system32;C:\WINDOWS;C:\WINDOWS\System32\Wbem;C:\WINDOWS\System32\WindowsPowerShell\v1.0\;C:\WINDOWS\System32\OpenSSH\;C:\Program Files\Git\cmd;C:\Program Files\nodejs\;C:\Program Files\apache-maven-3.9.11\bin;C:\Users\safiu\AppData\Local\Microsoft\WindowsApps;C:\Program Files\JetBrains\IntelliJ IDEA Community Edition 2024.2.1\bin;;C:\Users\safiu\AppData\Local\GitHubDesktop\bin;C:\Users\safiu\AppData\Roaming\npm;C:\Users\safiu\AppData\Local\Programs\Microsoft VS Code\bin;
USERNAME=safiu
OS=Windows_NT
PROCESSOR_IDENTIFIER=Intel64 Family 6 Model 186 Stepping 2, GenuineIntel
TMP=C:\Users\safiu\AppData\Local\Temp
TEMP=C:\Users\safiu\AppData\Local\Temp




Periodic native trim disabled

---------------  S Y S T E M  ---------------

OS:
 Windows 11 , 64 bit Build 26100 (10.0.26100.7309)
OS uptime: 6 days 13:30 hours
Hyper-V role detected

CPU: total 20 (initial active 20) (10 cores per cpu, 2 threads per core) family 6 model 186 stepping 2 microcode 0x410e, cx8, cmov, fxsr, ht, mmx, 3dnowpref, sse, sse2, sse3, ssse3, sse4.1, sse4.2, popcnt, lzcnt, tsc, tscinvbit, avx, avx2, aes, erms, clmul, bmi1, bmi2, adx, sha, fma, vzeroupper, clflush, clflushopt, clwb, hv, serialize, rdtscp, rdpid, fsrm, f16c, cet_ibt, cet_ss
Processor Information for processor 0
  Max Mhz: 2600, Current Mhz: 1496, Mhz Limit: 2600
Processor Information for processor 1
  Max Mhz: 2600, Current Mhz: 1496, Mhz Limit: 2600
Processor Information for processor 2
  Max Mhz: 2600, Current Mhz: 1496, Mhz Limit: 2600
Processor Information for processor 3
  Max Mhz: 2600, Current Mhz: 1496, Mhz Limit: 2600
Processor Information for processor 4
  Max Mhz: 2600, Current Mhz: 1496, Mhz Limit: 2600
Processor Information for processor 5
  Max Mhz: 2600, Current Mhz: 1496, Mhz Limit: 2600
Processor Information for processor 6
  Max Mhz: 2600, Current Mhz: 1496, Mhz Limit: 2600
Processor Information for processor 7
  Max Mhz: 2600, Current Mhz: 1496, Mhz Limit: 2600
Processor Information for processor 8
  Max Mhz: 2600, Current Mhz: 1496, Mhz Limit: 2600
Processor Information for processor 9
  Max Mhz: 2600, Current Mhz: 1496, Mhz Limit: 2600
Processor Information for processor 10
  Max Mhz: 2600, Current Mhz: 1496, Mhz Limit: 2600
Processor Information for processor 11
  Max Mhz: 2600, Current Mhz: 1496, Mhz Limit: 2600
Processor Information for processor 12
  Max Mhz: 2600, Current Mhz: 1500, Mhz Limit: 1898
Processor Information for processor 13
  Max Mhz: 2600, Current Mhz: 1500, Mhz Limit: 1898
Processor Information for processor 14
  Max Mhz: 2600, Current Mhz: 1500, Mhz Limit: 1898
Processor Information for processor 15
  Max Mhz: 2600, Current Mhz: 1500, Mhz Limit: 1898
Processor Information for processor 16
  Max Mhz: 2600, Current Mhz: 1500, Mhz Limit: 1898
Processor Information for processor 17
  Max Mhz: 2600, Current Mhz: 1500, Mhz Limit: 1898
Processor Information for processor 18
  Max Mhz: 2600, Current Mhz: 1500, Mhz Limit: 1898
Processor Information for processor 19
  Max Mhz: 2600, Current Mhz: 1500, Mhz Limit: 1898

Memory: 4k page, system-wide physical 16005M (2030M free)
TotalPageFile size 29948M (AvailPageFile size 6894M)
current process WorkingSet (physical memory assigned to process): 170M, peak: 191M
current process commit charge ("private bytes"): 414M, peak: 442M

vm_info: Java HotSpot(TM) 64-Bit Server VM (22.0.2+9-70) for windows-amd64 JRE (22.0.2+9-70), built on 2024-06-04T16:52:23Z by "mach5one" with MS VC++ 17.6 (VS2022)

END.
